<?xml version="1.0" encoding="UTF-8"?>
<!-- Generated by org.testng.reporters.JUnitReportReporter -->
<testsuite skipped="0" hostname="Mustafas-Air.attlocal.net" name="tests.LoginTest" tests="2" failures="0" timestamp="2019-12-23T13:29:37 CST" time="18.385" errors="0">
  <testcase name="loginToCanvasTest" time="10.195" classname="tests.LoginTest"/>
  <testcase name="loginToTestEnvironmentTest" time="8.190" classname="tests.LoginTest"/>
</testsuite> <!-- tests.LoginTest -->
